<?xml version="1.0" encoding="UTF-8"?>
<!-- Generated by org.testng.reporters.JUnitXMLReporter -->
<testsuite ignored="0" hostname="ABHISHEKs-MacBook-Air.local" failures="2" tests="7" name="Default test" time="43.762" errors="0" timestamp="2024-09-29T00:54:51 IST">
  <testcase classname="io.cucumber.testng.AbstractTestNGCucumberTests" name="runScenario" time="24.265"/>
  <testcase classname="io.cucumber.testng.AbstractTestNGCucumberTests" name="runScenario" time="24.28"/>
  <testcase classname="io.cucumber.testng.AbstractTestNGCucumberTests" name="runScenario" time="24.28"/>
  <testcase classname="io.cucumber.testng.AbstractTestNGCucumberTests" name="runScenario" time="24.394"/>
  <testcase classname="io.cucumber.testng.AbstractTestNGCucumberTests" name="runScenario" time="28.532"/>
  <testcase classname="io.cucumber.testng.AbstractTestNGCucumberTests" name="runScenario" time="33.883">
    <failure type="java.lang.NullPointerException" message="Cannot invoke &amp;quot;org.openqa.selenium.WebDriver.getClass()&amp;quot; because &amp;quot;exceptionDriver&amp;quot; is null">
      <![CDATA[java.lang.NullPointerException: Cannot invoke "org.openqa.selenium.WebDriver.getClass()" because "exceptionDriver" is null
at org.openqa.selenium.support.ui.WebDriverWait.timeoutException(WebDriverWait.java:85)
at org.openqa.selenium.support.ui.FluentWait.until(FluentWait.java:228)
at pages.BasePage.waitforVisibilityOfElement(BasePage.java:47)
at pages.Home_Page.logout(Home_Page.java:43)
at stepDefinitions.Login_StepDef.user_logout_from_the_application(Login_StepDef.java:58)
at ✽.User logout from the application(file:///Users/abhishekanand/eclipse-workspace/BDD_Cucumber/BDD-Cucumber/src/test/java/featureFiles/Login.feature:10)
]]>
    </failure>
  </testcase> <!-- runScenario -->
  <testcase classname="io.cucumber.testng.AbstractTestNGCucumberTests" name="runScenario" time="43.32">
    <failure type="java.lang.NullPointerException" message="Cannot invoke &amp;quot;org.openqa.selenium.WebDriver.getClass()&amp;quot; because &amp;quot;exceptionDriver&amp;quot; is null">
      <![CDATA[java.lang.NullPointerException: Cannot invoke "org.openqa.selenium.WebDriver.getClass()" because "exceptionDriver" is null
at org.openqa.selenium.support.ui.WebDriverWait.timeoutException(WebDriverWait.java:85)
at org.openqa.selenium.support.ui.FluentWait.until(FluentWait.java:228)
at pages.BasePage.waitforVisibilityOfElement(BasePage.java:47)
at pages.Home_Page.logout(Home_Page.java:39)
at stepDefinitions.Login_StepDef.user_logout_from_the_application(Login_StepDef.java:58)
at ✽.User logout from the application(file:///Users/abhishekanand/eclipse-workspace/BDD_Cucumber/BDD-Cucumber/src/test/java/featureFiles/Login.feature:10)
]]>
    </failure>
  </testcase> <!-- runScenario -->
</testsuite> <!-- Default test -->
