<?xml version="1.0" encoding="UTF-8"?>
<testsuite xmlns:xsi="http://www.w3.org/2001/XMLSchema-instance" xsi:noNamespaceSchemaLocation="https://maven.apache.org/surefire/maven-surefire-plugin/xsd/surefire-test-report-3.0.xsd" version="3.0" name="TestSuite" time="29.087" tests="7" errors="0" skipped="0" failures="1">
  <properties>
[...]
</properties>
  <testcase name="runScenario[&quot;Verify Login Page with valid credentials&quot;, &quot;Verify login functionality&quot;](1)" classname="testRunner.TestNGTestRunner" time="9.459">
    <system-out><![CDATA[
@Regression
Scenario Outline: Verify Login Page with valid credentials # src/test/java/featureFiles/Login.feature:16

@Regression
Scenario Outline: Verify Login Page with valid credentials # src/test/java/featureFiles/Login.feature:14

@Regression
Scenario Outline: Verify Login Page with valid credentials # src/test/java/featureFiles/Login.feature:18

@Regression
Scenario Outline: Verify Login Page with valid credentials # src/test/java/featureFiles/Login.feature:19

@Regression
Scenario Outline: Verify Login Page with valid credentials          # src/test/java/featureFiles/Login.feature:17

@Smoke
Scenario: Verify Login Page with valid credentials # src/test/java/featureFiles/DataTables.feature:4

@Regression
Scenario Outline: Verify Login Page with valid credentials  # src/test/java/featureFiles/Login.feature:15
URL form prop file is: https://www.saucedemo.com
URL form prop file is: https://www.saucedemo.com
URL form prop file is: https://www.saucedemo.com
URL form prop file is: https://www.saucedemo.com
URL form prop file is: https://www.saucedemo.com
URL form prop file is: https://www.saucedemo.com
  Given User navigate to the URL using prop file           # stepDefinitions.Login_StepDef.user_navigate_to_the_url_using_prop_file()
  Given User navigate to the URL using prop file           # stepDefinitions.Login_StepDef.user_navigate_to_the_url_using_prop_file()
  Given User navigate to the URL using prop file                    # stepDefinitions.Login_StepDef.user_navigate_to_the_url_using_prop_file()
  Given User navigate to the URL using prop file           # stepDefinitions.Login_StepDef.user_navigate_to_the_url_using_prop_file()
  Given User navigate to the URL using prop file            # stepDefinitions.Login_StepDef.user_navigate_to_the_url_using_prop_file()
  Given User navigate to the URL                   # stepDefinitions.DataTables_StepDef.user_navigate_to_the_url(io.cucumber.datatable.DataTable)
    | https://www.saucedemo.com |
  Given User navigate to the URL using prop file           # stepDefinitions.Login_StepDef.user_navigate_to_the_url_using_prop_file()
  When User submit the "visual_user" and "secret_sauce"    # stepDefinitions.Login_StepDef.user_enters_the_and(java.lang.String,java.lang.String)
  Then User should login successfully                      # stepDefinitions.Login_StepDef.user_should_login_successfully()
  And User validate the home page "Swag Labs"              # stepDefinitions.Login_StepDef.user_validate_the_home_page(java.lang.String)
  When User submit the "locked_out_user" and "secret_sauce" # stepDefinitions.Login_StepDef.user_enters_the_and(java.lang.String,java.lang.String)
  Then User should login successfully                       # stepDefinitions.Login_StepDef.user_should_login_successfully()
  And User validate the home page "Swag Labs"               # stepDefinitions.Login_StepDef.user_validate_the_home_page(java.lang.String)
  When User submit the "standard_user" and "secret_sauce"  # stepDefinitions.Login_StepDef.user_enters_the_and(java.lang.String,java.lang.String)
  When User sign in to the application             # stepDefinitions.DataTables_StepDef.user_sign_in_to_the_application(io.cucumber.datatable.DataTable)
    | standard_user | secret_sauce |
  Then User should login successfully                      # stepDefinitions.Login_StepDef.user_should_login_successfully()
  And User validate the home page "Swag Labs"              # stepDefinitions.Login_StepDef.user_validate_the_home_page(java.lang.String)
  Then User should login successfully              # stepDefinitions.Login_StepDef.user_should_login_successfully()
  And User validate the home page                  # stepDefinitions.DataTables_StepDef.user_validate_the_home_page(io.cucumber.datatable.DataTable)
    | Swag Labs |
  When User submit the "problem_user" and "secret_sauce"   # stepDefinitions.Login_StepDef.user_enters_the_and(java.lang.String,java.lang.String)
  Then User should login successfully                      # stepDefinitions.Login_StepDef.user_should_login_successfully()
  And User validate the home page "Swag Labs"              # stepDefinitions.Login_StepDef.user_validate_the_home_page(java.lang.String)
  When User submit the "error_user" and "secret_sauce"     # stepDefinitions.Login_StepDef.user_enters_the_and(java.lang.String,java.lang.String)
  Then User should login successfully                      # stepDefinitions.Login_StepDef.user_should_login_successfully()
  And User validate the home page "Swag Labs"              # stepDefinitions.Login_StepDef.user_validate_the_home_page(java.lang.String)
  When User logout from the application                    # stepDefinitions.Login_StepDef.user_logout_from_the_application()
  When User logout from the application                    # stepDefinitions.Login_StepDef.user_logout_from_the_application()
  When User logout from the application            # stepDefinitions.Login_StepDef.user_logout_from_the_application()
  When User logout from the application                    # stepDefinitions.Login_StepDef.user_logout_from_the_application()
  When User logout from the application                    # stepDefinitions.Login_StepDef.user_logout_from_the_application()
]]></system-out>
    <system-err><![CDATA[SLF4J: Failed to load class "org.slf4j.impl.StaticLoggerBinder".
SLF4J: Defaulting to no-operation (NOP) logger implementation
SLF4J: See http://www.slf4j.org/codes.html#StaticLoggerBinder for further details.
]]></system-err>
  </testcase>
  <testcase name="runScenario[&quot;Verify Login Page with valid credentials&quot;, &quot;Verify login functionality&quot;](2)" classname="testRunner.TestNGTestRunner" time="9.465"/>
  <testcase name="runScenario[&quot;Verify Login Page with valid credentials&quot;, &quot;Verify login functionality&quot;](3)" classname="testRunner.TestNGTestRunner" time="9.506"/>
  <testcase name="runScenario[&quot;Verify Login Page with valid credentials&quot;, &quot;Verify login functionality using Datatables&quot;](4)" classname="testRunner.TestNGTestRunner" time="9.512"/>
  <testcase name="runScenario[&quot;Verify Login Page with valid credentials&quot;, &quot;Verify login functionality&quot;](5)" classname="testRunner.TestNGTestRunner" time="9.52"/>
  <testcase name="runScenario[&quot;Verify Login Page with valid credentials&quot;, &quot;Verify login functionality&quot;](6)" classname="testRunner.TestNGTestRunner" time="13.877">
    <system-out><![CDATA[  When User submit the "performance_glitch_user" and "secret_sauce" # stepDefinitions.Login_StepDef.user_enters_the_and(java.lang.String,java.lang.String)
  Then User should login successfully                               # stepDefinitions.Login_StepDef.user_should_login_successfully()
  And User validate the home page "Swag Labs"                       # stepDefinitions.Login_StepDef.user_validate_the_home_page(java.lang.String)
  When User logout from the application                             # stepDefinitions.Login_StepDef.user_logout_from_the_application()
]]></system-out>
  </testcase>
  <testcase name="runScenario[&quot;Verify Login Page with valid credentials&quot;, &quot;Verify login functionality&quot;](7)" classname="testRunner.TestNGTestRunner" time="28.508">
    <failure message="Cannot invoke &quot;org.openqa.selenium.WebDriver.getClass()&quot; because &quot;exceptionDriver&quot; is null" type="java.lang.NullPointerException"><![CDATA[java.lang.NullPointerException: Cannot invoke "org.openqa.selenium.WebDriver.getClass()" because "exceptionDriver" is null
	at org.openqa.selenium.support.ui.WebDriverWait.timeoutException(WebDriverWait.java:85)
	at org.openqa.selenium.support.ui.FluentWait.until(FluentWait.java:228)
	at pages.BasePage.waitforVisibilityOfElement(BasePage.java:47)
	at pages.Home_Page.logout(Home_Page.java:39)
	at stepDefinitions.Login_StepDef.user_logout_from_the_application(Login_StepDef.java:56)
	at ✽.User logout from the application(file:///Users/abhishekanand/eclipse-workspace/Automation/src/test/java/featureFiles/Login.feature:10)
]]></failure>
    <system-out><![CDATA[  When User logout from the application                     # stepDefinitions.Login_StepDef.user_logout_from_the_application()
      java.lang.NullPointerException: Cannot invoke "org.openqa.selenium.WebDriver.getClass()" because "exceptionDriver" is null
	at org.openqa.selenium.support.ui.WebDriverWait.timeoutException(WebDriverWait.java:85)
	at org.openqa.selenium.support.ui.FluentWait.until(FluentWait.java:228)
	at pages.BasePage.waitforVisibilityOfElement(BasePage.java:47)
	at pages.Home_Page.logout(Home_Page.java:39)
	at stepDefinitions.Login_StepDef.user_logout_from_the_application(Login_StepDef.java:56)
	at ✽.User logout from the application(file:///Users/abhishekanand/eclipse-workspace/Automation/src/test/java/featureFiles/Login.feature:10)


    Embedding FailedScreen [image/png 179583 bytes]

]]></system-out>
  </testcase>
</testsuite>