-------------------------------------------------------------------------------
Test set: Verify Login Page with valid credentials
-------------------------------------------------------------------------------
Tests run: 7, Failures: 0, Errors: 2, Skipped: 2, Time elapsed: 6.974 s <<< FAILURE! -- in Verify Login Page with valid credentials
Verify Login Page with valid credentials.User should login successfully -- Time elapsed: 0.005 s <<< ERROR!
java.lang.Error: 
Unresolved compilation problem: 
	Assert cannot be resolved

	at pages.Home_Page.verifyHomePageLogo(Home_Page.java:35)
	at stepDefinitions.Login_StepDef.user_should_login_successfully(Login_StepDef.java:46)
	at ✽.User should login successfully(file:///Users/abhishekanand/eclipse-workspace/Automation/src/test/java/featureFiles/DataTables.feature:10)

Verify Login Page with valid credentials -- Time elapsed: 0 s <<< ERROR!
java.lang.Error: 
Unresolved compilation problem: 
	Assert cannot be resolved

	at pages.Home_Page.verifyHomePageLogo(Home_Page.java:35)
	at stepDefinitions.Login_StepDef.user_should_login_successfully(Login_StepDef.java:46)
	at ✽.User should login successfully(file:///Users/abhishekanand/eclipse-workspace/Automation/src/test/java/featureFiles/DataTables.feature:10)

