-------------------------------------------------------------------------------
Test set: Verify Login Page with valid credentials #6
-------------------------------------------------------------------------------
Tests run: 7, Failures: 0, Errors: 2, Skipped: 2, Time elapsed: 5.127 s <<< FAILURE! -- in Verify Login Page with valid credentials #6
Verify Login Page with valid credentials #6.User should login successfully -- Time elapsed: 0 s <<< ERROR!
java.lang.Error: 
Unresolved compilation problem: 
	Assert cannot be resolved

	at pages.Home_Page.verifyHomePageLogo(Home_Page.java:35)
	at stepDefinitions.Login_StepDef.user_should_login_successfully(Login_StepDef.java:46)
	at ✽.User should login successfully(file:///Users/abhishekanand/eclipse-workspace/Automation/src/test/java/featureFiles/Login.feature:8)

Verify Login Page with valid credentials #6 -- Time elapsed: 0 s <<< ERROR!
java.lang.Error: 
Unresolved compilation problem: 
	Assert cannot be resolved

	at pages.Home_Page.verifyHomePageLogo(Home_Page.java:35)
	at stepDefinitions.Login_StepDef.user_should_login_successfully(Login_StepDef.java:46)
	at ✽.User should login successfully(file:///Users/abhishekanand/eclipse-workspace/Automation/src/test/java/featureFiles/Login.feature:8)

