<?xml version="1.0" encoding="UTF-8"?>
<testng-results ignored="0" total="7" passed="6" failed="1" skipped="0">
  <reporter-output>
  </reporter-output>
  <suite started-at="2024-05-14T18:24:51 IST" name="Default suite" finished-at="2024-05-14T18:25:28 IST" duration-ms="37372">
    <groups>
      <group name="cucumber">
        <method signature="AbstractTestNGCucumberTests.runScenario(io.cucumber.testng.PickleWrapper,io.cucumber.testng.FeatureWrapper)[pri:0, instance:testRunner.TestNGTestRunner@130d63be]" name="runScenario" class="io.cucumber.testng.AbstractTestNGCucumberTests"/>
      </group> <!-- cucumber -->
    </groups>
    <test started-at="2024-05-14T18:24:51 IST" name="Default test" finished-at="2024-05-14T18:25:28 IST" duration-ms="37372">
      <class name="testRunner.TestNGTestRunner">
        <test-method is-config="true" signature="setUpClass(org.testng.ITestContext)[pri:0, instance:testRunner.TestNGTestRunner@130d63be]" started-at="2024-05-14T18:24:51 IST" name="setUpClass" finished-at="2024-05-14T18:24:51 IST" duration-ms="292" status="PASS">
          <params>
            <param index="0">
              <value>
                <![CDATA[org.testng.TestRunner@3bb8aabc]]>
              </value>
            </param>
          </params>
          <reporter-output>
          </reporter-output>
        </test-method> <!-- setUpClass -->
        <test-method signature="runScenario(io.cucumber.testng.PickleWrapper,io.cucumber.testng.FeatureWrapper)[pri:0, instance:testRunner.TestNGTestRunner@130d63be]" started-at="2024-05-14T18:24:51 IST" name="runScenario" description="Runs Cucumber Scenarios" data-provider="scenarios" finished-at="2024-05-14T18:25:11 IST" duration-ms="19780" status="PASS">
          <params>
            <param index="0">
              <value>
                <![CDATA["Verify Login Page with valid credentials"]]>
              </value>
            </param>
            <param index="1">
              <value>
                <![CDATA["Verify login functionality"]]>
              </value>
            </param>
          </params>
          <reporter-output>
          </reporter-output>
        </test-method> <!-- runScenario -->
        <test-method signature="runScenario(io.cucumber.testng.PickleWrapper,io.cucumber.testng.FeatureWrapper)[pri:0, instance:testRunner.TestNGTestRunner@130d63be]" started-at="2024-05-14T18:24:51 IST" name="runScenario" description="Runs Cucumber Scenarios" data-provider="scenarios" finished-at="2024-05-14T18:25:11 IST" duration-ms="19802" status="PASS">
          <params>
            <param index="0">
              <value>
                <![CDATA["Verify Login Page with valid credentials"]]>
              </value>
            </param>
            <param index="1">
              <value>
                <![CDATA["Verify login functionality"]]>
              </value>
            </param>
          </params>
          <reporter-output>
          </reporter-output>
        </test-method> <!-- runScenario -->
        <test-method signature="runScenario(io.cucumber.testng.PickleWrapper,io.cucumber.testng.FeatureWrapper)[pri:0, instance:testRunner.TestNGTestRunner@130d63be]" started-at="2024-05-14T18:24:51 IST" name="runScenario" description="Runs Cucumber Scenarios" data-provider="scenarios" finished-at="2024-05-14T18:25:15 IST" duration-ms="23367" status="PASS">
          <params>
            <param index="0">
              <value>
                <![CDATA["Verify Login Page with valid credentials"]]>
              </value>
            </param>
            <param index="1">
              <value>
                <![CDATA["Verify login functionality"]]>
              </value>
            </param>
          </params>
          <reporter-output>
          </reporter-output>
        </test-method> <!-- runScenario -->
        <test-method signature="runScenario(io.cucumber.testng.PickleWrapper,io.cucumber.testng.FeatureWrapper)[pri:0, instance:testRunner.TestNGTestRunner@130d63be]" started-at="2024-05-14T18:24:51 IST" name="runScenario" description="Runs Cucumber Scenarios" data-provider="scenarios" finished-at="2024-05-14T18:25:11 IST" duration-ms="19864" status="PASS">
          <params>
            <param index="0">
              <value>
                <![CDATA["Verify Login Page with valid credentials"]]>
              </value>
            </param>
            <param index="1">
              <value>
                <![CDATA["Verify login functionality"]]>
              </value>
            </param>
          </params>
          <reporter-output>
          </reporter-output>
        </test-method> <!-- runScenario -->
        <test-method signature="runScenario(io.cucumber.testng.PickleWrapper,io.cucumber.testng.FeatureWrapper)[pri:0, instance:testRunner.TestNGTestRunner@130d63be]" started-at="2024-05-14T18:24:51 IST" name="runScenario" description="Runs Cucumber Scenarios" data-provider="scenarios" finished-at="2024-05-14T18:25:11 IST" duration-ms="19777" status="PASS">
          <params>
            <param index="0">
              <value>
                <![CDATA["Verify Login Page with valid credentials"]]>
              </value>
            </param>
            <param index="1">
              <value>
                <![CDATA["Verify login functionality using Datatables"]]>
              </value>
            </param>
          </params>
          <reporter-output>
          </reporter-output>
        </test-method> <!-- runScenario -->
        <test-method signature="runScenario(io.cucumber.testng.PickleWrapper,io.cucumber.testng.FeatureWrapper)[pri:0, instance:testRunner.TestNGTestRunner@130d63be]" started-at="2024-05-14T18:24:51 IST" name="runScenario" description="Runs Cucumber Scenarios" data-provider="scenarios" finished-at="2024-05-14T18:25:10 IST" duration-ms="18813" status="PASS">
          <params>
            <param index="0">
              <value>
                <![CDATA["Verify Login Page with valid credentials"]]>
              </value>
            </param>
            <param index="1">
              <value>
                <![CDATA["Verify login functionality"]]>
              </value>
            </param>
          </params>
          <reporter-output>
          </reporter-output>
        </test-method> <!-- runScenario -->
        <test-method signature="runScenario(io.cucumber.testng.PickleWrapper,io.cucumber.testng.FeatureWrapper)[pri:0, instance:testRunner.TestNGTestRunner@130d63be]" started-at="2024-05-14T18:24:51 IST" name="runScenario" description="Runs Cucumber Scenarios" data-provider="scenarios" finished-at="2024-05-14T18:25:28 IST" duration-ms="36920" status="FAIL">
          <params>
            <param index="0">
              <value>
                <![CDATA["Verify Login Page with valid credentials"]]>
              </value>
            </param>
            <param index="1">
              <value>
                <![CDATA["Verify login functionality"]]>
              </value>
            </param>
          </params>
          <exception class="java.lang.NullPointerException">
            <message>
              <![CDATA[Cannot invoke "org.openqa.selenium.WebDriver.getClass()" because "exceptionDriver" is null]]>
            </message>
            <full-stacktrace>
              <![CDATA[java.lang.NullPointerException: Cannot invoke "org.openqa.selenium.WebDriver.getClass()" because "exceptionDriver" is null
at org.openqa.selenium.support.ui.WebDriverWait.timeoutException(WebDriverWait.java:85)
at org.openqa.selenium.support.ui.FluentWait.until(FluentWait.java:228)
at pages.BasePage.waitforVisibilityOfElement(BasePage.java:47)
at pages.Home_Page.logout(Home_Page.java:39)
at stepDefinitions.Login_StepDef.user_logout_from_the_application(Login_StepDef.java:56)
at ✽.User logout from the application(file:///Users/abhishekanand/eclipse-workspace/Automation/src/test/java/featureFiles/Login.feature:10)
]]>
            </full-stacktrace>
          </exception> <!-- java.lang.NullPointerException -->
          <reporter-output>
          </reporter-output>
        </test-method> <!-- runScenario -->
        <test-method is-config="true" signature="tearDownClass()[pri:0, instance:testRunner.TestNGTestRunner@130d63be]" started-at="2024-05-14T18:25:28 IST" name="tearDownClass" finished-at="2024-05-14T18:25:28 IST" duration-ms="142" status="PASS">
          <reporter-output>
          </reporter-output>
        </test-method> <!-- tearDownClass -->
      </class> <!-- testRunner.TestNGTestRunner -->
    </test> <!-- Default test -->
  </suite> <!-- Default suite -->
</testng-results>
