<?xml version="1.0" encoding="UTF-8"?>
<!-- Generated by org.testng.reporters.JUnitReportReporter -->
<testsuite hostname="ABHISHEKs-MacBook-Air.local" failures="0" tests="7" name="testRunner.TestNGTestRunner" time="167.264" errors="1" timestamp="2024-09-19T00:07:24 IST" skipped="0">
  <testcase classname="testRunner.TestNGTestRunner" name="runScenario" time="20.553"/>
  <testcase classname="testRunner.TestNGTestRunner" name="runScenario" time="20.500"/>
  <testcase classname="testRunner.TestNGTestRunner" name="runScenario" time="20.482"/>
  <testcase classname="testRunner.TestNGTestRunner" name="runScenario" time="25.114"/>
  <testcase classname="testRunner.TestNGTestRunner" name="runScenario" time="20.591"/>
  <testcase classname="testRunner.TestNGTestRunner" name="runScenario" time="20.510"/>
  <testcase classname="testRunner.TestNGTestRunner" name="runScenario" time="39.514">
    <error message="Cannot invoke &quot;org.openqa.selenium.WebDriver.getClass()&quot; because &quot;exceptionDriver&quot; is null" type="java.lang.NullPointerException">
      <![CDATA[java.lang.NullPointerException: Cannot invoke "org.openqa.selenium.WebDriver.getClass()" because "exceptionDriver" is null
at org.openqa.selenium.support.ui.WebDriverWait.timeoutException(WebDriverWait.java:85)
at org.openqa.selenium.support.ui.FluentWait.until(FluentWait.java:228)
at pages.BasePage.waitforVisibilityOfElement(BasePage.java:47)
at pages.Home_Page.logout(Home_Page.java:39)
at stepDefinitions.Login_StepDef.user_logout_from_the_application(Login_StepDef.java:56)
at ✽.User logout from the application(file:///Users/abhishekanand/eclipse-workspace/Automation/src/test/java/featureFiles/Login.feature:10)
]]>
    </error>
  </testcase> <!-- runScenario -->
</testsuite> <!-- testRunner.TestNGTestRunner -->
